<?xml version="1.0" encoding="UTF-8"?>
<!-- Generated by org.testng.reporters.JUnitReportReporter -->
<testsuite hostname="DESKTOP-9OPN79E" failures="0" tests="5" name="tests.MainPageTest" time="10.602" errors="0" timestamp="2023-03-20T19:24:27 CET" skipped="0">
  <testcase classname="tests.MainPageTest" name="checkForCookies" time="0.142"/>
  <system-out/>
  <testcase classname="tests.MainPageTest" name="checkFlightRoute" time="2.288"/>
  <system-out/>
  <testcase classname="tests.MainPageTest" name="checkFlightRoute" time="2.779"/>
  <system-out/>
  <testcase classname="tests.MainPageTest" name="checkFlightRoute" time="3.032"/>
  <system-out/>
  <testcase classname="tests.MainPageTest" name="checkFlightRoute" time="2.361"/>
  <system-out/>
</testsuite> <!-- tests.MainPageTest -->
